2023-12-27T01:35:46.313+09:00  INFO 76504 --- [main] lavalink.server.Launcher                 : Starting Launcher v4.0.0-beta.3 using Java 17.0.6 with PID 76504 (/Users/hyeonsugim/discord_music_bot/Lavalink/Lavalink.jar started by hyeonsugim in /Users/hyeonsugim/discord_music_bot)
2023-12-27T01:35:46.317+09:00  INFO 76504 --- [main] lavalink.server.Launcher                 : No active profile set, falling back to 1 default profile: "default"
2023-12-27T01:35:46.887+09:00  INFO 76504 --- [main] lavalink.server.Launcher                 : Started Launcher in 0.853 seconds (process running for 1.158)
2023-12-27T01:35:46.889+09:00  INFO 76504 --- [main] lavalink.server.Launcher                 : You can safely ignore the big red warning about illegal reflection. See https://github.com/lavalink-devs/Lavalink/issues/295
2023-12-27T01:35:46.924+09:00  INFO 76504 --- [main] lavalink.server.Launcher                 : 

[32m       .  [31m _                  _ _       _    [32m__ _ _
[32m      /\\ [31m| | __ ___   ____ _| (_)_ __ | | __[32m\ \ \ \
[32m     ( ( )[31m| |/ _` \ \ / / _` | | | '_ \| |/ /[32m \ \ \ \
[32m      \\/ [31m| | (_| |\ V / (_| | | | | | |   < [32m  ) ) ) )
[32m       '  [31m|_|\__,_| \_/ \__,_|_|_|_| |_|_|\_\[32m / / / /
[0m    =========================================[32m/_/_/_/[0m

	Version:        4.0.0-beta.3
	Build time:     03.08.2023 15:57:46 UTC
	Branch          HEAD
	Commit:         6f37eba
	Commit time:    03.08.2023 15:55:57 UTC
	JVM:            17.0.6
	Lavaplayer      2.0.0

2023-12-27T01:35:46.929+09:00  INFO 76504 --- [main] lavalink.server.Launcher                 : No active profile set, falling back to 1 default profile: "default"
2023-12-27T01:35:47.359+09:00  WARN 76504 --- [main] io.undertow.websockets.jsr               : UT026010: Buffer pool was not set on WebSocketDeploymentInfo, the default pool will be used
2023-12-27T01:35:47.374+09:00  INFO 76504 --- [main] io.undertow.servlet                      : Initializing Spring embedded WebApplicationContext
2023-12-27T01:35:47.375+09:00  INFO 76504 --- [main] w.s.c.ServletWebServerApplicationContext : Root WebApplicationContext: initialization completed in 443 ms
2023-12-27T01:35:47.453+09:00  INFO 76504 --- [main] c.s.d.l.tools.GarbageCollectionMonitor   : GC monitoring enabled, reporting results every 2 minutes.
2023-12-27T01:35:47.919+09:00  INFO 76504 --- [main] l.server.config.KoeConfiguration         : OS: DARWIN, Arch: ARMv8_64
2023-12-27T01:35:47.920+09:00  INFO 76504 --- [main] l.server.config.KoeConfiguration         : Enabling JDA-NAS
2023-12-27T01:35:47.922+09:00  INFO 76504 --- [main] c.s.l.c.natives.NativeLibraryLoader      : Native library udpqueue: loading with filter null
2023-12-27T01:35:48.481+09:00  INFO 76504 --- [main] c.s.l.c.natives.NativeLibraryLoader      : Native library udpqueue: successfully loaded.
2023-12-27T01:35:48.542+09:00  WARN 76504 --- [main] l.server.config.SentryConfiguration      : Turning off sentry
2023-12-27T01:35:48.710+09:00  INFO 76504 --- [main] io.undertow                              : starting server: Undertow - 2.3.6.Final
2023-12-27T01:35:48.716+09:00  INFO 76504 --- [main] org.xnio                                 : XNIO version 3.8.8.Final
2023-12-27T01:35:48.722+09:00  INFO 76504 --- [main] org.xnio.nio                             : XNIO NIO Implementation Version 3.8.8.Final
2023-12-27T01:35:48.759+09:00  INFO 76504 --- [main] org.jboss.threads                        : JBoss Threads version 3.5.0.Final
2023-12-27T01:35:48.783+09:00  INFO 76504 --- [main] o.s.b.w.e.undertow.UndertowWebServer     : Undertow started on port(s) 2333 (http)
2023-12-27T01:35:48.786+09:00  INFO 76504 --- [main] lavalink.server.Launcher                 : Started Launcher in 1.894 seconds (process running for 3.057)
2023-12-27T01:35:48.786+09:00  INFO 76504 --- [main] lavalink.server.Launcher                 : Lavalink is ready to accept connections.
2023-12-27T01:37:40.824+09:00  INFO 76504 --- [SpringApplicationShutdownHook] io.undertow                              : stopping server: Undertow - 2.3.6.Final
2023-12-27T01:37:40.835+09:00  INFO 76504 --- [SpringApplicationShutdownHook] c.s.d.l.tools.GarbageCollectionMonitor   : GC monitoring disabled.
